<?xml version="1.0" encoding="UTF-8"?>
<testsuite xmlns:xsi="http://www.w3.org/2001/XMLSchema-instance" xsi:noNamespaceSchemaLocation="https://maven.apache.org/surefire/maven-surefire-plugin/xsd/surefire-test-report.xsd" name="com.portal.TestDemo" time="1.44" tests="1" errors="0" skipped="0" failures="0">
  <properties>
    <property name="sun.desktop" value="windows"/>
    <property name="awt.toolkit" value="sun.awt.windows.WToolkit"/>
    <property name="file.encoding.pkg" value="sun.io"/>
    <property name="java.specification.version" value="1.8"/>
    <property name="sun.cpu.isalist" value="amd64"/>
    <property name="sun.jnu.encoding" value="GBK"/>
    <property name="java.class.path" value="D:\课程作业\毕业设计\招聘模块代码\portal-dev\portal\portal-recruit\target\test-classes;D:\课程作业\毕业设计\招聘模块代码\portal-dev\portal\portal-recruit\target\classes;D:\maven_repository\org\springframework\boot\spring-boot-starter-web\2.0.7.RELEASE\spring-boot-starter-web-2.0.7.RELEASE.jar;D:\maven_repository\org\springframework\boot\spring-boot-starter\2.0.7.RELEASE\spring-boot-starter-2.0.7.RELEASE.jar;D:\maven_repository\org\springframework\boot\spring-boot\2.0.7.RELEASE\spring-boot-2.0.7.RELEASE.jar;D:\maven_repository\org\springframework\boot\spring-boot-autoconfigure\2.0.7.RELEASE\spring-boot-autoconfigure-2.0.7.RELEASE.jar;D:\maven_repository\org\springframework\boot\spring-boot-starter-logging\2.0.7.RELEASE\spring-boot-starter-logging-2.0.7.RELEASE.jar;D:\maven_repository\ch\qos\logback\logback-classic\1.2.3\logback-classic-1.2.3.jar;D:\maven_repository\ch\qos\logback\logback-core\1.2.3\logback-core-1.2.3.jar;D:\maven_repository\org\apache\logging\log4j\log4j-to-slf4j\2.10.0\log4j-to-slf4j-2.10.0.jar;D:\maven_repository\org\apache\logging\log4j\log4j-api\2.10.0\log4j-api-2.10.0.jar;D:\maven_repository\org\slf4j\jul-to-slf4j\1.7.30\jul-to-slf4j-1.7.30.jar;D:\maven_repository\javax\annotation\javax.annotation-api\1.3.2\javax.annotation-api-1.3.2.jar;D:\maven_repository\org\yaml\snakeyaml\1.19\snakeyaml-1.19.jar;D:\maven_repository\org\springframework\boot\spring-boot-starter-json\2.0.7.RELEASE\spring-boot-starter-json-2.0.7.RELEASE.jar;D:\maven_repository\com\fasterxml\jackson\datatype\jackson-datatype-jdk8\2.9.7\jackson-datatype-jdk8-2.9.7.jar;D:\maven_repository\com\fasterxml\jackson\datatype\jackson-datatype-jsr310\2.9.7\jackson-datatype-jsr310-2.9.7.jar;D:\maven_repository\com\fasterxml\jackson\module\jackson-module-parameter-names\2.9.7\jackson-module-parameter-names-2.9.7.jar;D:\maven_repository\org\springframework\boot\spring-boot-starter-tomcat\2.0.7.RELEASE\spring-boot-starter-tomcat-2.0.7.RELEASE.jar;D:\maven_repository\org\apache\tomcat\embed\tomcat-embed-core\8.5.35\tomcat-embed-core-8.5.35.jar;D:\maven_repository\org\apache\tomcat\embed\tomcat-embed-el\8.5.35\tomcat-embed-el-8.5.35.jar;D:\maven_repository\org\apache\tomcat\embed\tomcat-embed-websocket\8.5.35\tomcat-embed-websocket-8.5.35.jar;D:\maven_repository\org\hibernate\validator\hibernate-validator\6.0.13.Final\hibernate-validator-6.0.13.Final.jar;D:\maven_repository\javax\validation\validation-api\2.0.1.Final\validation-api-2.0.1.Final.jar;D:\maven_repository\org\jboss\logging\jboss-logging\3.3.2.Final\jboss-logging-3.3.2.Final.jar;D:\maven_repository\com\fasterxml\classmate\1.3.4\classmate-1.3.4.jar;D:\maven_repository\org\springframework\spring-web\5.0.11.RELEASE\spring-web-5.0.11.RELEASE.jar;D:\maven_repository\org\springframework\spring-beans\5.0.11.RELEASE\spring-beans-5.0.11.RELEASE.jar;D:\maven_repository\org\springframework\spring-webmvc\5.0.11.RELEASE\spring-webmvc-5.0.11.RELEASE.jar;D:\maven_repository\org\springframework\spring-aop\5.0.11.RELEASE\spring-aop-5.0.11.RELEASE.jar;D:\maven_repository\org\springframework\spring-context\5.0.11.RELEASE\spring-context-5.0.11.RELEASE.jar;D:\maven_repository\org\springframework\spring-expression\5.0.11.RELEASE\spring-expression-5.0.11.RELEASE.jar;D:\maven_repository\org\springframework\cloud\spring-cloud-starter-netflix-eureka-client\2.0.2.RELEASE\spring-cloud-starter-netflix-eureka-client-2.0.2.RELEASE.jar;D:\maven_repository\org\springframework\cloud\spring-cloud-starter\2.0.2.RELEASE\spring-cloud-starter-2.0.2.RELEASE.jar;D:\maven_repository\org\springframework\cloud\spring-cloud-context\2.0.2.RELEASE\spring-cloud-context-2.0.2.RELEASE.jar;D:\maven_repository\org\springframework\security\spring-security-crypto\5.0.10.RELEASE\spring-security-crypto-5.0.10.RELEASE.jar;D:\maven_repository\org\springframework\cloud\spring-cloud-commons\2.0.2.RELEASE\spring-cloud-commons-2.0.2.RELEASE.jar;D:\maven_repository\org\springframework\security\spring-security-rsa\1.0.7.RELEASE\spring-security-rsa-1.0.7.RELEASE.jar;D:\maven_repository\org\bouncycastle\bcpkix-jdk15on\1.60\bcpkix-jdk15on-1.60.jar;D:\maven_repository\org\springframework\cloud\spring-cloud-netflix-core\2.0.2.RELEASE\spring-cloud-netflix-core-2.0.2.RELEASE.jar;D:\maven_repository\org\springframework\cloud\spring-cloud-netflix-eureka-client\2.0.2.RELEASE\spring-cloud-netflix-eureka-client-2.0.2.RELEASE.jar;D:\maven_repository\com\netflix\eureka\eureka-client\1.9.3\eureka-client-1.9.3.jar;D:\maven_repository\org\codehaus\jettison\jettison\1.3.7\jettison-1.3.7.jar;D:\maven_repository\stax\stax-api\1.0.1\stax-api-1.0.1.jar;D:\maven_repository\com\netflix\netflix-commons\netflix-eventbus\0.3.0\netflix-eventbus-0.3.0.jar;D:\maven_repository\com\netflix\netflix-commons\netflix-infix\0.3.0\netflix-infix-0.3.0.jar;D:\maven_repository\commons-jxpath\commons-jxpath\1.3\commons-jxpath-1.3.jar;D:\maven_repository\org\antlr\antlr-runtime\3.4\antlr-runtime-3.4.jar;D:\maven_repository\org\antlr\stringtemplate\3.2.1\stringtemplate-3.2.1.jar;D:\maven_repository\com\google\code\gson\gson\2.8.5\gson-2.8.5.jar;D:\maven_repository\org\apache\commons\commons-math\2.2\commons-math-2.2.jar;D:\maven_repository\com\netflix\archaius\archaius-core\0.7.6\archaius-core-0.7.6.jar;D:\maven_repository\javax\ws\rs\jsr311-api\1.1.1\jsr311-api-1.1.1.jar;D:\maven_repository\com\netflix\servo\servo-core\0.12.21\servo-core-0.12.21.jar;D:\maven_repository\com\sun\jersey\jersey-core\1.19.1\jersey-core-1.19.1.jar;D:\maven_repository\com\sun\jersey\jersey-client\1.19.1\jersey-client-1.19.1.jar;D:\maven_repository\com\sun\jersey\contribs\jersey-apache-client4\1.19.1\jersey-apache-client4-1.19.1.jar;D:\maven_repository\com\google\inject\guice\4.1.0\guice-4.1.0.jar;D:\maven_repository\javax\inject\javax.inject\1\javax.inject-1.jar;D:\maven_repository\aopalliance\aopalliance\1.0\aopalliance-1.0.jar;D:\maven_repository\com\github\vlsi\compactmap\compactmap\1.2.1\compactmap-1.2.1.jar;D:\maven_repository\com\github\andrewoma\dexx\dexx-collections\0.2\dexx-collections-0.2.jar;D:\maven_repository\com\fasterxml\jackson\core\jackson-annotations\2.9.0\jackson-annotations-2.9.0.jar;D:\maven_repository\com\fasterxml\jackson\core\jackson-core\2.9.7\jackson-core-2.9.7.jar;D:\maven_repository\com\netflix\eureka\eureka-core\1.9.3\eureka-core-1.9.3.jar;D:\maven_repository\org\codehaus\woodstox\woodstox-core-asl\4.4.1\woodstox-core-asl-4.4.1.jar;D:\maven_repository\javax\xml\stream\stax-api\1.0-2\stax-api-1.0-2.jar;D:\maven_repository\org\codehaus\woodstox\stax2-api\3.1.4\stax2-api-3.1.4.jar;D:\maven_repository\org\springframework\cloud\spring-cloud-starter-netflix-archaius\2.0.2.RELEASE\spring-cloud-starter-netflix-archaius-2.0.2.RELEASE.jar;D:\maven_repository\org\springframework\cloud\spring-cloud-netflix-ribbon\2.0.2.RELEASE\spring-cloud-netflix-ribbon-2.0.2.RELEASE.jar;D:\maven_repository\org\springframework\cloud\spring-cloud-netflix-archaius\2.0.2.RELEASE\spring-cloud-netflix-archaius-2.0.2.RELEASE.jar;D:\maven_repository\commons-configuration\commons-configuration\1.8\commons-configuration-1.8.jar;D:\maven_repository\org\springframework\cloud\spring-cloud-starter-netflix-ribbon\2.0.2.RELEASE\spring-cloud-starter-netflix-ribbon-2.0.2.RELEASE.jar;D:\maven_repository\com\netflix\ribbon\ribbon\2.2.5\ribbon-2.2.5.jar;D:\maven_repository\com\netflix\ribbon\ribbon-transport\2.2.5\ribbon-transport-2.2.5.jar;D:\maven_repository\io\reactivex\rxnetty-contexts\0.4.9\rxnetty-contexts-0.4.9.jar;D:\maven_repository\io\reactivex\rxnetty-servo\0.4.9\rxnetty-servo-0.4.9.jar;D:\maven_repository\com\netflix\hystrix\hystrix-core\1.5.12\hystrix-core-1.5.12.jar;D:\maven_repository\io\reactivex\rxnetty\0.4.9\rxnetty-0.4.9.jar;D:\maven_repository\com\netflix\ribbon\ribbon-core\2.2.5\ribbon-core-2.2.5.jar;D:\maven_repository\com\netflix\ribbon\ribbon-httpclient\2.2.5\ribbon-httpclient-2.2.5.jar;D:\maven_repository\commons-collections\commons-collections\3.2.2\commons-collections-3.2.2.jar;D:\maven_repository\com\netflix\netflix-commons\netflix-commons-util\0.3.0\netflix-commons-util-0.3.0.jar;D:\maven_repository\com\netflix\ribbon\ribbon-loadbalancer\2.2.5\ribbon-loadbalancer-2.2.5.jar;D:\maven_repository\com\netflix\netflix-commons\netflix-statistics\0.1.1\netflix-statistics-0.1.1.jar;D:\maven_repository\io\reactivex\rxjava\1.3.8\rxjava-1.3.8.jar;D:\maven_repository\com\netflix\ribbon\ribbon-eureka\2.2.5\ribbon-eureka-2.2.5.jar;D:\maven_repository\com\thoughtworks\xstream\xstream\1.4.10\xstream-1.4.10.jar;D:\maven_repository\xmlpull\xmlpull\1.1.3.1\xmlpull-1.1.3.1.jar;D:\maven_repository\xpp3\xpp3_min\1.1.4c\xpp3_min-1.1.4c.jar;D:\课程作业\毕业设计\招聘模块代码\portal-dev\portal\portal-pojo\target\portal-pojo-1.0-SNAPSHOT.jar;D:\maven_repository\org\springframework\boot\spring-boot-starter-data-jpa\2.1.5.RELEASE\spring-boot-starter-data-jpa-2.1.5.RELEASE.jar;D:\maven_repository\org\springframework\boot\spring-boot-starter-aop\2.0.7.RELEASE\spring-boot-starter-aop-2.0.7.RELEASE.jar;D:\maven_repository\org\aspectj\aspectjweaver\1.8.13\aspectjweaver-1.8.13.jar;D:\maven_repository\org\springframework\boot\spring-boot-starter-jdbc\2.0.7.RELEASE\spring-boot-starter-jdbc-2.0.7.RELEASE.jar;D:\maven_repository\com\zaxxer\HikariCP\2.7.9\HikariCP-2.7.9.jar;D:\maven_repository\org\springframework\spring-jdbc\5.0.11.RELEASE\spring-jdbc-5.0.11.RELEASE.jar;D:\maven_repository\javax\transaction\javax.transaction-api\1.2\javax.transaction-api-1.2.jar;D:\maven_repository\javax\xml\bind\jaxb-api\2.3.1\jaxb-api-2.3.1.jar;D:\maven_repository\javax\activation\javax.activation-api\1.2.0\javax.activation-api-1.2.0.jar;D:\maven_repository\org\hibernate\hibernate-core\5.2.17.Final\hibernate-core-5.2.17.Final.jar;D:\maven_repository\org\hibernate\javax\persistence\hibernate-jpa-2.1-api\1.0.2.Final\hibernate-jpa-2.1-api-1.0.2.Final.jar;D:\maven_repository\org\javassist\javassist\3.22.0-GA\javassist-3.22.0-GA.jar;D:\maven_repository\antlr\antlr\2.7.7\antlr-2.7.7.jar;D:\maven_repository\org\jboss\jandex\2.0.3.Final\jandex-2.0.3.Final.jar;D:\maven_repository\dom4j\dom4j\1.6.1\dom4j-1.6.1.jar;D:\maven_repository\org\hibernate\common\hibernate-commons-annotations\5.0.1.Final\hibernate-commons-annotations-5.0.1.Final.jar;D:\maven_repository\org\springframework\data\spring-data-jpa\2.0.12.RELEASE\spring-data-jpa-2.0.12.RELEASE.jar;D:\maven_repository\org\springframework\data\spring-data-commons\2.0.12.RELEASE\spring-data-commons-2.0.12.RELEASE.jar;D:\maven_repository\org\springframework\spring-orm\5.0.11.RELEASE\spring-orm-5.0.11.RELEASE.jar;D:\maven_repository\org\springframework\spring-tx\5.0.11.RELEASE\spring-tx-5.0.11.RELEASE.jar;D:\maven_repository\org\springframework\spring-aspects\5.0.11.RELEASE\spring-aspects-5.0.11.RELEASE.jar;D:\maven_repository\junit\junit\4.12\junit-4.12.jar;D:\maven_repository\org\hamcrest\hamcrest-core\1.3\hamcrest-core-1.3.jar;D:\maven_repository\org\springframework\boot\spring-boot-starter-test\2.0.7.RELEASE\spring-boot-starter-test-2.0.7.RELEASE.jar;D:\maven_repository\org\springframework\boot\spring-boot-test\2.0.7.RELEASE\spring-boot-test-2.0.7.RELEASE.jar;D:\maven_repository\org\springframework\boot\spring-boot-test-autoconfigure\2.0.7.RELEASE\spring-boot-test-autoconfigure-2.0.7.RELEASE.jar;D:\maven_repository\com\jayway\jsonpath\json-path\2.4.0\json-path-2.4.0.jar;D:\maven_repository\net\minidev\json-smart\2.3\json-smart-2.3.jar;D:\maven_repository\net\minidev\accessors-smart\1.2\accessors-smart-1.2.jar;D:\maven_repository\org\ow2\asm\asm\5.0.4\asm-5.0.4.jar;D:\maven_repository\org\assertj\assertj-core\3.9.1\assertj-core-3.9.1.jar;D:\maven_repository\org\mockito\mockito-core\2.15.0\mockito-core-2.15.0.jar;D:\maven_repository\net\bytebuddy\byte-buddy\1.7.11\byte-buddy-1.7.11.jar;D:\maven_repository\net\bytebuddy\byte-buddy-agent\1.7.11\byte-buddy-agent-1.7.11.jar;D:\maven_repository\org\objenesis\objenesis\2.6\objenesis-2.6.jar;D:\maven_repository\org\hamcrest\hamcrest-library\1.3\hamcrest-library-1.3.jar;D:\maven_repository\org\skyscreamer\jsonassert\1.5.0\jsonassert-1.5.0.jar;D:\maven_repository\com\vaadin\external\google\android-json\0.0.20131108.vaadin1\android-json-0.0.20131108.vaadin1.jar;D:\maven_repository\org\springframework\spring-core\5.0.11.RELEASE\spring-core-5.0.11.RELEASE.jar;D:\maven_repository\org\springframework\spring-jcl\5.0.11.RELEASE\spring-jcl-5.0.11.RELEASE.jar;D:\maven_repository\org\springframework\spring-test\5.0.11.RELEASE\spring-test-5.0.11.RELEASE.jar;D:\maven_repository\org\xmlunit\xmlunit-core\2.5.1\xmlunit-core-2.5.1.jar;D:\maven_repository\org\springframework\boot\spring-boot-starter-actuator\2.0.7.RELEASE\spring-boot-starter-actuator-2.0.7.RELEASE.jar;D:\maven_repository\org\springframework\boot\spring-boot-actuator-autoconfigure\2.0.7.RELEASE\spring-boot-actuator-autoconfigure-2.0.7.RELEASE.jar;D:\maven_repository\org\springframework\boot\spring-boot-actuator\2.0.7.RELEASE\spring-boot-actuator-2.0.7.RELEASE.jar;D:\maven_repository\io\micrometer\micrometer-core\1.0.8\micrometer-core-1.0.8.jar;D:\maven_repository\org\hdrhistogram\HdrHistogram\2.1.10\HdrHistogram-2.1.10.jar;D:\maven_repository\org\latencyutils\LatencyUtils\2.0.3\LatencyUtils-2.0.3.jar;D:\课程作业\毕业设计\招聘模块代码\portal-dev\portal\portal-common\target\portal-common-1.0-SNAPSHOT.jar;D:\maven_repository\org\apache\commons\commons-lang3\3.7\commons-lang3-3.7.jar;D:\maven_repository\mysql\mysql-connector-java\8.0.11\mysql-connector-java-8.0.11.jar;D:\maven_repository\com\google\protobuf\protobuf-java\2.6.0\protobuf-java-2.6.0.jar;D:\maven_repository\com\mchange\c3p0\0.9.2.1\c3p0-0.9.2.1.jar;D:\maven_repository\com\mchange\mchange-commons-java\0.2.3.4\mchange-commons-java-0.2.3.4.jar;D:\maven_repository\log4j\log4j\1.2.16\log4j-1.2.16.jar;D:\maven_repository\org\slf4j\slf4j-api\1.7.30\slf4j-api-1.7.30.jar;D:\maven_repository\org\slf4j\slf4j-log4j12\1.6.4\slf4j-log4j12-1.6.4.jar;D:\maven_repository\io\github\wilson-he\swagger2-spring-boot-starter\1.1.2\swagger2-spring-boot-starter-1.1.2.jar;D:\maven_repository\io\springfox\springfox-swagger-ui\2.9.2\springfox-swagger-ui-2.9.2.jar;D:\maven_repository\io\springfox\springfox-spring-web\2.9.2\springfox-spring-web-2.9.2.jar;D:\maven_repository\io\springfox\springfox-swagger2\2.9.2\springfox-swagger2-2.9.2.jar;D:\maven_repository\io\springfox\springfox-spi\2.9.2\springfox-spi-2.9.2.jar;D:\maven_repository\io\springfox\springfox-core\2.9.2\springfox-core-2.9.2.jar;D:\maven_repository\io\springfox\springfox-schema\2.9.2\springfox-schema-2.9.2.jar;D:\maven_repository\io\springfox\springfox-swagger-common\2.9.2\springfox-swagger-common-2.9.2.jar;D:\maven_repository\com\google\guava\guava\20.0\guava-20.0.jar;D:\maven_repository\org\springframework\plugin\spring-plugin-core\1.2.0.RELEASE\spring-plugin-core-1.2.0.RELEASE.jar;D:\maven_repository\org\springframework\plugin\spring-plugin-metadata\1.2.0.RELEASE\spring-plugin-metadata-1.2.0.RELEASE.jar;D:\maven_repository\org\mapstruct\mapstruct\1.2.0.Final\mapstruct-1.2.0.Final.jar;D:\maven_repository\io\swagger\swagger-models\1.5.21\swagger-models-1.5.21.jar;D:\maven_repository\io\swagger\swagger-annotations\1.5.21\swagger-annotations-1.5.21.jar;D:\maven_repository\com\zyplayer\swagger-mg-ui\1.0.6\swagger-mg-ui-1.0.6.jar;D:\maven_repository\com\alibaba\fastjson\1.2.44\fastjson-1.2.44.jar;D:\maven_repository\cn\hutool\hutool-http\4.1.8\hutool-http-4.1.8.jar;D:\maven_repository\cn\hutool\hutool-core\4.1.8\hutool-core-4.1.8.jar;D:\maven_repository\cn\hutool\hutool-log\4.1.8\hutool-log-4.1.8.jar;D:\maven_repository\cn\hutool\hutool-json\4.1.8\hutool-json-4.1.8.jar;D:\maven_repository\commons-lang\commons-lang\2.6\commons-lang-2.6.jar;D:\maven_repository\com\qcloud\cos_api\5.6.36\cos_api-5.6.36.jar;D:\maven_repository\org\apache\httpcomponents\httpclient\4.5.6\httpclient-4.5.6.jar;D:\maven_repository\org\apache\httpcomponents\httpcore\4.4.10\httpcore-4.4.10.jar;D:\maven_repository\commons-codec\commons-codec\1.11\commons-codec-1.11.jar;D:\maven_repository\joda-time\joda-time\2.9.9\joda-time-2.9.9.jar;D:\maven_repository\com\fasterxml\jackson\core\jackson-databind\2.9.7\jackson-databind-2.9.7.jar;D:\maven_repository\org\bouncycastle\bcprov-jdk15on\1.64\bcprov-jdk15on-1.64.jar;"/>
    <property name="java.vm.vendor" value="Oracle Corporation"/>
    <property name="sun.arch.data.model" value="64"/>
    <property name="user.variant" value=""/>
    <property name="java.vendor.url" value="http://java.oracle.com/"/>
    <property name="user.timezone" value=""/>
    <property name="java.vm.specification.version" value="1.8"/>
    <property name="os.name" value="Windows 10"/>
    <property name="user.country" value="CN"/>
    <property name="sun.java.launcher" value="SUN_STANDARD"/>
    <property name="sun.boot.library.path" value="D:\jdk1.8\jre\bin"/>
    <property name="sun.java.command" value="C:\Users\xiaohai\AppData\Local\Temp\surefire5093420168304858856\surefirebooter2151179730425407184.jar C:\Users\xiaohai\AppData\Local\Temp\surefire5093420168304858856 2021-03-03T07-16-45_380-jvmRun1 surefire7643872179719805633tmp surefire_03789580782431224682tmp"/>
    <property name="surefire.test.class.path" value="D:\课程作业\毕业设计\招聘模块代码\portal-dev\portal\portal-recruit\target\test-classes;D:\课程作业\毕业设计\招聘模块代码\portal-dev\portal\portal-recruit\target\classes;D:\maven_repository\org\springframework\boot\spring-boot-starter-web\2.0.7.RELEASE\spring-boot-starter-web-2.0.7.RELEASE.jar;D:\maven_repository\org\springframework\boot\spring-boot-starter\2.0.7.RELEASE\spring-boot-starter-2.0.7.RELEASE.jar;D:\maven_repository\org\springframework\boot\spring-boot\2.0.7.RELEASE\spring-boot-2.0.7.RELEASE.jar;D:\maven_repository\org\springframework\boot\spring-boot-autoconfigure\2.0.7.RELEASE\spring-boot-autoconfigure-2.0.7.RELEASE.jar;D:\maven_repository\org\springframework\boot\spring-boot-starter-logging\2.0.7.RELEASE\spring-boot-starter-logging-2.0.7.RELEASE.jar;D:\maven_repository\ch\qos\logback\logback-classic\1.2.3\logback-classic-1.2.3.jar;D:\maven_repository\ch\qos\logback\logback-core\1.2.3\logback-core-1.2.3.jar;D:\maven_repository\org\apache\logging\log4j\log4j-to-slf4j\2.10.0\log4j-to-slf4j-2.10.0.jar;D:\maven_repository\org\apache\logging\log4j\log4j-api\2.10.0\log4j-api-2.10.0.jar;D:\maven_repository\org\slf4j\jul-to-slf4j\1.7.30\jul-to-slf4j-1.7.30.jar;D:\maven_repository\javax\annotation\javax.annotation-api\1.3.2\javax.annotation-api-1.3.2.jar;D:\maven_repository\org\yaml\snakeyaml\1.19\snakeyaml-1.19.jar;D:\maven_repository\org\springframework\boot\spring-boot-starter-json\2.0.7.RELEASE\spring-boot-starter-json-2.0.7.RELEASE.jar;D:\maven_repository\com\fasterxml\jackson\datatype\jackson-datatype-jdk8\2.9.7\jackson-datatype-jdk8-2.9.7.jar;D:\maven_repository\com\fasterxml\jackson\datatype\jackson-datatype-jsr310\2.9.7\jackson-datatype-jsr310-2.9.7.jar;D:\maven_repository\com\fasterxml\jackson\module\jackson-module-parameter-names\2.9.7\jackson-module-parameter-names-2.9.7.jar;D:\maven_repository\org\springframework\boot\spring-boot-starter-tomcat\2.0.7.RELEASE\spring-boot-starter-tomcat-2.0.7.RELEASE.jar;D:\maven_repository\org\apache\tomcat\embed\tomcat-embed-core\8.5.35\tomcat-embed-core-8.5.35.jar;D:\maven_repository\org\apache\tomcat\embed\tomcat-embed-el\8.5.35\tomcat-embed-el-8.5.35.jar;D:\maven_repository\org\apache\tomcat\embed\tomcat-embed-websocket\8.5.35\tomcat-embed-websocket-8.5.35.jar;D:\maven_repository\org\hibernate\validator\hibernate-validator\6.0.13.Final\hibernate-validator-6.0.13.Final.jar;D:\maven_repository\javax\validation\validation-api\2.0.1.Final\validation-api-2.0.1.Final.jar;D:\maven_repository\org\jboss\logging\jboss-logging\3.3.2.Final\jboss-logging-3.3.2.Final.jar;D:\maven_repository\com\fasterxml\classmate\1.3.4\classmate-1.3.4.jar;D:\maven_repository\org\springframework\spring-web\5.0.11.RELEASE\spring-web-5.0.11.RELEASE.jar;D:\maven_repository\org\springframework\spring-beans\5.0.11.RELEASE\spring-beans-5.0.11.RELEASE.jar;D:\maven_repository\org\springframework\spring-webmvc\5.0.11.RELEASE\spring-webmvc-5.0.11.RELEASE.jar;D:\maven_repository\org\springframework\spring-aop\5.0.11.RELEASE\spring-aop-5.0.11.RELEASE.jar;D:\maven_repository\org\springframework\spring-context\5.0.11.RELEASE\spring-context-5.0.11.RELEASE.jar;D:\maven_repository\org\springframework\spring-expression\5.0.11.RELEASE\spring-expression-5.0.11.RELEASE.jar;D:\maven_repository\org\springframework\cloud\spring-cloud-starter-netflix-eureka-client\2.0.2.RELEASE\spring-cloud-starter-netflix-eureka-client-2.0.2.RELEASE.jar;D:\maven_repository\org\springframework\cloud\spring-cloud-starter\2.0.2.RELEASE\spring-cloud-starter-2.0.2.RELEASE.jar;D:\maven_repository\org\springframework\cloud\spring-cloud-context\2.0.2.RELEASE\spring-cloud-context-2.0.2.RELEASE.jar;D:\maven_repository\org\springframework\security\spring-security-crypto\5.0.10.RELEASE\spring-security-crypto-5.0.10.RELEASE.jar;D:\maven_repository\org\springframework\cloud\spring-cloud-commons\2.0.2.RELEASE\spring-cloud-commons-2.0.2.RELEASE.jar;D:\maven_repository\org\springframework\security\spring-security-rsa\1.0.7.RELEASE\spring-security-rsa-1.0.7.RELEASE.jar;D:\maven_repository\org\bouncycastle\bcpkix-jdk15on\1.60\bcpkix-jdk15on-1.60.jar;D:\maven_repository\org\springframework\cloud\spring-cloud-netflix-core\2.0.2.RELEASE\spring-cloud-netflix-core-2.0.2.RELEASE.jar;D:\maven_repository\org\springframework\cloud\spring-cloud-netflix-eureka-client\2.0.2.RELEASE\spring-cloud-netflix-eureka-client-2.0.2.RELEASE.jar;D:\maven_repository\com\netflix\eureka\eureka-client\1.9.3\eureka-client-1.9.3.jar;D:\maven_repository\org\codehaus\jettison\jettison\1.3.7\jettison-1.3.7.jar;D:\maven_repository\stax\stax-api\1.0.1\stax-api-1.0.1.jar;D:\maven_repository\com\netflix\netflix-commons\netflix-eventbus\0.3.0\netflix-eventbus-0.3.0.jar;D:\maven_repository\com\netflix\netflix-commons\netflix-infix\0.3.0\netflix-infix-0.3.0.jar;D:\maven_repository\commons-jxpath\commons-jxpath\1.3\commons-jxpath-1.3.jar;D:\maven_repository\org\antlr\antlr-runtime\3.4\antlr-runtime-3.4.jar;D:\maven_repository\org\antlr\stringtemplate\3.2.1\stringtemplate-3.2.1.jar;D:\maven_repository\com\google\code\gson\gson\2.8.5\gson-2.8.5.jar;D:\maven_repository\org\apache\commons\commons-math\2.2\commons-math-2.2.jar;D:\maven_repository\com\netflix\archaius\archaius-core\0.7.6\archaius-core-0.7.6.jar;D:\maven_repository\javax\ws\rs\jsr311-api\1.1.1\jsr311-api-1.1.1.jar;D:\maven_repository\com\netflix\servo\servo-core\0.12.21\servo-core-0.12.21.jar;D:\maven_repository\com\sun\jersey\jersey-core\1.19.1\jersey-core-1.19.1.jar;D:\maven_repository\com\sun\jersey\jersey-client\1.19.1\jersey-client-1.19.1.jar;D:\maven_repository\com\sun\jersey\contribs\jersey-apache-client4\1.19.1\jersey-apache-client4-1.19.1.jar;D:\maven_repository\com\google\inject\guice\4.1.0\guice-4.1.0.jar;D:\maven_repository\javax\inject\javax.inject\1\javax.inject-1.jar;D:\maven_repository\aopalliance\aopalliance\1.0\aopalliance-1.0.jar;D:\maven_repository\com\github\vlsi\compactmap\compactmap\1.2.1\compactmap-1.2.1.jar;D:\maven_repository\com\github\andrewoma\dexx\dexx-collections\0.2\dexx-collections-0.2.jar;D:\maven_repository\com\fasterxml\jackson\core\jackson-annotations\2.9.0\jackson-annotations-2.9.0.jar;D:\maven_repository\com\fasterxml\jackson\core\jackson-core\2.9.7\jackson-core-2.9.7.jar;D:\maven_repository\com\netflix\eureka\eureka-core\1.9.3\eureka-core-1.9.3.jar;D:\maven_repository\org\codehaus\woodstox\woodstox-core-asl\4.4.1\woodstox-core-asl-4.4.1.jar;D:\maven_repository\javax\xml\stream\stax-api\1.0-2\stax-api-1.0-2.jar;D:\maven_repository\org\codehaus\woodstox\stax2-api\3.1.4\stax2-api-3.1.4.jar;D:\maven_repository\org\springframework\cloud\spring-cloud-starter-netflix-archaius\2.0.2.RELEASE\spring-cloud-starter-netflix-archaius-2.0.2.RELEASE.jar;D:\maven_repository\org\springframework\cloud\spring-cloud-netflix-ribbon\2.0.2.RELEASE\spring-cloud-netflix-ribbon-2.0.2.RELEASE.jar;D:\maven_repository\org\springframework\cloud\spring-cloud-netflix-archaius\2.0.2.RELEASE\spring-cloud-netflix-archaius-2.0.2.RELEASE.jar;D:\maven_repository\commons-configuration\commons-configuration\1.8\commons-configuration-1.8.jar;D:\maven_repository\org\springframework\cloud\spring-cloud-starter-netflix-ribbon\2.0.2.RELEASE\spring-cloud-starter-netflix-ribbon-2.0.2.RELEASE.jar;D:\maven_repository\com\netflix\ribbon\ribbon\2.2.5\ribbon-2.2.5.jar;D:\maven_repository\com\netflix\ribbon\ribbon-transport\2.2.5\ribbon-transport-2.2.5.jar;D:\maven_repository\io\reactivex\rxnetty-contexts\0.4.9\rxnetty-contexts-0.4.9.jar;D:\maven_repository\io\reactivex\rxnetty-servo\0.4.9\rxnetty-servo-0.4.9.jar;D:\maven_repository\com\netflix\hystrix\hystrix-core\1.5.12\hystrix-core-1.5.12.jar;D:\maven_repository\io\reactivex\rxnetty\0.4.9\rxnetty-0.4.9.jar;D:\maven_repository\com\netflix\ribbon\ribbon-core\2.2.5\ribbon-core-2.2.5.jar;D:\maven_repository\com\netflix\ribbon\ribbon-httpclient\2.2.5\ribbon-httpclient-2.2.5.jar;D:\maven_repository\commons-collections\commons-collections\3.2.2\commons-collections-3.2.2.jar;D:\maven_repository\com\netflix\netflix-commons\netflix-commons-util\0.3.0\netflix-commons-util-0.3.0.jar;D:\maven_repository\com\netflix\ribbon\ribbon-loadbalancer\2.2.5\ribbon-loadbalancer-2.2.5.jar;D:\maven_repository\com\netflix\netflix-commons\netflix-statistics\0.1.1\netflix-statistics-0.1.1.jar;D:\maven_repository\io\reactivex\rxjava\1.3.8\rxjava-1.3.8.jar;D:\maven_repository\com\netflix\ribbon\ribbon-eureka\2.2.5\ribbon-eureka-2.2.5.jar;D:\maven_repository\com\thoughtworks\xstream\xstream\1.4.10\xstream-1.4.10.jar;D:\maven_repository\xmlpull\xmlpull\1.1.3.1\xmlpull-1.1.3.1.jar;D:\maven_repository\xpp3\xpp3_min\1.1.4c\xpp3_min-1.1.4c.jar;D:\课程作业\毕业设计\招聘模块代码\portal-dev\portal\portal-pojo\target\portal-pojo-1.0-SNAPSHOT.jar;D:\maven_repository\org\springframework\boot\spring-boot-starter-data-jpa\2.1.5.RELEASE\spring-boot-starter-data-jpa-2.1.5.RELEASE.jar;D:\maven_repository\org\springframework\boot\spring-boot-starter-aop\2.0.7.RELEASE\spring-boot-starter-aop-2.0.7.RELEASE.jar;D:\maven_repository\org\aspectj\aspectjweaver\1.8.13\aspectjweaver-1.8.13.jar;D:\maven_repository\org\springframework\boot\spring-boot-starter-jdbc\2.0.7.RELEASE\spring-boot-starter-jdbc-2.0.7.RELEASE.jar;D:\maven_repository\com\zaxxer\HikariCP\2.7.9\HikariCP-2.7.9.jar;D:\maven_repository\org\springframework\spring-jdbc\5.0.11.RELEASE\spring-jdbc-5.0.11.RELEASE.jar;D:\maven_repository\javax\transaction\javax.transaction-api\1.2\javax.transaction-api-1.2.jar;D:\maven_repository\javax\xml\bind\jaxb-api\2.3.1\jaxb-api-2.3.1.jar;D:\maven_repository\javax\activation\javax.activation-api\1.2.0\javax.activation-api-1.2.0.jar;D:\maven_repository\org\hibernate\hibernate-core\5.2.17.Final\hibernate-core-5.2.17.Final.jar;D:\maven_repository\org\hibernate\javax\persistence\hibernate-jpa-2.1-api\1.0.2.Final\hibernate-jpa-2.1-api-1.0.2.Final.jar;D:\maven_repository\org\javassist\javassist\3.22.0-GA\javassist-3.22.0-GA.jar;D:\maven_repository\antlr\antlr\2.7.7\antlr-2.7.7.jar;D:\maven_repository\org\jboss\jandex\2.0.3.Final\jandex-2.0.3.Final.jar;D:\maven_repository\dom4j\dom4j\1.6.1\dom4j-1.6.1.jar;D:\maven_repository\org\hibernate\common\hibernate-commons-annotations\5.0.1.Final\hibernate-commons-annotations-5.0.1.Final.jar;D:\maven_repository\org\springframework\data\spring-data-jpa\2.0.12.RELEASE\spring-data-jpa-2.0.12.RELEASE.jar;D:\maven_repository\org\springframework\data\spring-data-commons\2.0.12.RELEASE\spring-data-commons-2.0.12.RELEASE.jar;D:\maven_repository\org\springframework\spring-orm\5.0.11.RELEASE\spring-orm-5.0.11.RELEASE.jar;D:\maven_repository\org\springframework\spring-tx\5.0.11.RELEASE\spring-tx-5.0.11.RELEASE.jar;D:\maven_repository\org\springframework\spring-aspects\5.0.11.RELEASE\spring-aspects-5.0.11.RELEASE.jar;D:\maven_repository\junit\junit\4.12\junit-4.12.jar;D:\maven_repository\org\hamcrest\hamcrest-core\1.3\hamcrest-core-1.3.jar;D:\maven_repository\org\springframework\boot\spring-boot-starter-test\2.0.7.RELEASE\spring-boot-starter-test-2.0.7.RELEASE.jar;D:\maven_repository\org\springframework\boot\spring-boot-test\2.0.7.RELEASE\spring-boot-test-2.0.7.RELEASE.jar;D:\maven_repository\org\springframework\boot\spring-boot-test-autoconfigure\2.0.7.RELEASE\spring-boot-test-autoconfigure-2.0.7.RELEASE.jar;D:\maven_repository\com\jayway\jsonpath\json-path\2.4.0\json-path-2.4.0.jar;D:\maven_repository\net\minidev\json-smart\2.3\json-smart-2.3.jar;D:\maven_repository\net\minidev\accessors-smart\1.2\accessors-smart-1.2.jar;D:\maven_repository\org\ow2\asm\asm\5.0.4\asm-5.0.4.jar;D:\maven_repository\org\assertj\assertj-core\3.9.1\assertj-core-3.9.1.jar;D:\maven_repository\org\mockito\mockito-core\2.15.0\mockito-core-2.15.0.jar;D:\maven_repository\net\bytebuddy\byte-buddy\1.7.11\byte-buddy-1.7.11.jar;D:\maven_repository\net\bytebuddy\byte-buddy-agent\1.7.11\byte-buddy-agent-1.7.11.jar;D:\maven_repository\org\objenesis\objenesis\2.6\objenesis-2.6.jar;D:\maven_repository\org\hamcrest\hamcrest-library\1.3\hamcrest-library-1.3.jar;D:\maven_repository\org\skyscreamer\jsonassert\1.5.0\jsonassert-1.5.0.jar;D:\maven_repository\com\vaadin\external\google\android-json\0.0.20131108.vaadin1\android-json-0.0.20131108.vaadin1.jar;D:\maven_repository\org\springframework\spring-core\5.0.11.RELEASE\spring-core-5.0.11.RELEASE.jar;D:\maven_repository\org\springframework\spring-jcl\5.0.11.RELEASE\spring-jcl-5.0.11.RELEASE.jar;D:\maven_repository\org\springframework\spring-test\5.0.11.RELEASE\spring-test-5.0.11.RELEASE.jar;D:\maven_repository\org\xmlunit\xmlunit-core\2.5.1\xmlunit-core-2.5.1.jar;D:\maven_repository\org\springframework\boot\spring-boot-starter-actuator\2.0.7.RELEASE\spring-boot-starter-actuator-2.0.7.RELEASE.jar;D:\maven_repository\org\springframework\boot\spring-boot-actuator-autoconfigure\2.0.7.RELEASE\spring-boot-actuator-autoconfigure-2.0.7.RELEASE.jar;D:\maven_repository\org\springframework\boot\spring-boot-actuator\2.0.7.RELEASE\spring-boot-actuator-2.0.7.RELEASE.jar;D:\maven_repository\io\micrometer\micrometer-core\1.0.8\micrometer-core-1.0.8.jar;D:\maven_repository\org\hdrhistogram\HdrHistogram\2.1.10\HdrHistogram-2.1.10.jar;D:\maven_repository\org\latencyutils\LatencyUtils\2.0.3\LatencyUtils-2.0.3.jar;D:\课程作业\毕业设计\招聘模块代码\portal-dev\portal\portal-common\target\portal-common-1.0-SNAPSHOT.jar;D:\maven_repository\org\apache\commons\commons-lang3\3.7\commons-lang3-3.7.jar;D:\maven_repository\mysql\mysql-connector-java\8.0.11\mysql-connector-java-8.0.11.jar;D:\maven_repository\com\google\protobuf\protobuf-java\2.6.0\protobuf-java-2.6.0.jar;D:\maven_repository\com\mchange\c3p0\0.9.2.1\c3p0-0.9.2.1.jar;D:\maven_repository\com\mchange\mchange-commons-java\0.2.3.4\mchange-commons-java-0.2.3.4.jar;D:\maven_repository\log4j\log4j\1.2.16\log4j-1.2.16.jar;D:\maven_repository\org\slf4j\slf4j-api\1.7.30\slf4j-api-1.7.30.jar;D:\maven_repository\org\slf4j\slf4j-log4j12\1.6.4\slf4j-log4j12-1.6.4.jar;D:\maven_repository\io\github\wilson-he\swagger2-spring-boot-starter\1.1.2\swagger2-spring-boot-starter-1.1.2.jar;D:\maven_repository\io\springfox\springfox-swagger-ui\2.9.2\springfox-swagger-ui-2.9.2.jar;D:\maven_repository\io\springfox\springfox-spring-web\2.9.2\springfox-spring-web-2.9.2.jar;D:\maven_repository\io\springfox\springfox-swagger2\2.9.2\springfox-swagger2-2.9.2.jar;D:\maven_repository\io\springfox\springfox-spi\2.9.2\springfox-spi-2.9.2.jar;D:\maven_repository\io\springfox\springfox-core\2.9.2\springfox-core-2.9.2.jar;D:\maven_repository\io\springfox\springfox-schema\2.9.2\springfox-schema-2.9.2.jar;D:\maven_repository\io\springfox\springfox-swagger-common\2.9.2\springfox-swagger-common-2.9.2.jar;D:\maven_repository\com\google\guava\guava\20.0\guava-20.0.jar;D:\maven_repository\org\springframework\plugin\spring-plugin-core\1.2.0.RELEASE\spring-plugin-core-1.2.0.RELEASE.jar;D:\maven_repository\org\springframework\plugin\spring-plugin-metadata\1.2.0.RELEASE\spring-plugin-metadata-1.2.0.RELEASE.jar;D:\maven_repository\org\mapstruct\mapstruct\1.2.0.Final\mapstruct-1.2.0.Final.jar;D:\maven_repository\io\swagger\swagger-models\1.5.21\swagger-models-1.5.21.jar;D:\maven_repository\io\swagger\swagger-annotations\1.5.21\swagger-annotations-1.5.21.jar;D:\maven_repository\com\zyplayer\swagger-mg-ui\1.0.6\swagger-mg-ui-1.0.6.jar;D:\maven_repository\com\alibaba\fastjson\1.2.44\fastjson-1.2.44.jar;D:\maven_repository\cn\hutool\hutool-http\4.1.8\hutool-http-4.1.8.jar;D:\maven_repository\cn\hutool\hutool-core\4.1.8\hutool-core-4.1.8.jar;D:\maven_repository\cn\hutool\hutool-log\4.1.8\hutool-log-4.1.8.jar;D:\maven_repository\cn\hutool\hutool-json\4.1.8\hutool-json-4.1.8.jar;D:\maven_repository\commons-lang\commons-lang\2.6\commons-lang-2.6.jar;D:\maven_repository\com\qcloud\cos_api\5.6.36\cos_api-5.6.36.jar;D:\maven_repository\org\apache\httpcomponents\httpclient\4.5.6\httpclient-4.5.6.jar;D:\maven_repository\org\apache\httpcomponents\httpcore\4.4.10\httpcore-4.4.10.jar;D:\maven_repository\commons-codec\commons-codec\1.11\commons-codec-1.11.jar;D:\maven_repository\joda-time\joda-time\2.9.9\joda-time-2.9.9.jar;D:\maven_repository\com\fasterxml\jackson\core\jackson-databind\2.9.7\jackson-databind-2.9.7.jar;D:\maven_repository\org\bouncycastle\bcprov-jdk15on\1.64\bcprov-jdk15on-1.64.jar;"/>
    <property name="sun.cpu.endian" value="little"/>
    <property name="user.home" value="C:\Users\xiaohai"/>
    <property name="user.language" value="zh"/>
    <property name="java.specification.vendor" value="Oracle Corporation"/>
    <property name="java.home" value="D:\jdk1.8\jre"/>
    <property name="basedir" value="D:\课程作业\毕业设计\招聘模块代码\portal-dev\portal\portal-recruit"/>
    <property name="file.separator" value="\"/>
    <property name="line.separator" value="&#10;"/>
    <property name="java.vm.specification.vendor" value="Oracle Corporation"/>
    <property name="java.specification.name" value="Java Platform API Specification"/>
    <property name="java.awt.graphicsenv" value="sun.awt.Win32GraphicsEnvironment"/>
    <property name="surefire.real.class.path" value="C:\Users\xiaohai\AppData\Local\Temp\surefire5093420168304858856\surefirebooter2151179730425407184.jar"/>
    <property name="sun.boot.class.path" value="D:\jdk1.8\jre\lib\resources.jar;D:\jdk1.8\jre\lib\rt.jar;D:\jdk1.8\jre\lib\sunrsasign.jar;D:\jdk1.8\jre\lib\jsse.jar;D:\jdk1.8\jre\lib\jce.jar;D:\jdk1.8\jre\lib\charsets.jar;D:\jdk1.8\jre\lib\jfr.jar;D:\jdk1.8\jre\classes"/>
    <property name="user.script" value=""/>
    <property name="sun.management.compiler" value="HotSpot 64-Bit Tiered Compilers"/>
    <property name="java.runtime.version" value="1.8.0_251-b08"/>
    <property name="user.name" value="xiaohai"/>
    <property name="path.separator" value=";"/>
    <property name="os.version" value="10.0"/>
    <property name="java.endorsed.dirs" value="D:\jdk1.8\jre\lib\endorsed"/>
    <property name="java.runtime.name" value="Java(TM) SE Runtime Environment"/>
    <property name="file.encoding" value="GBK"/>
    <property name="java.vm.name" value="Java HotSpot(TM) 64-Bit Server VM"/>
    <property name="localRepository" value="D:\maven_repository"/>
    <property name="java.vendor.url.bug" value="http://bugreport.sun.com/bugreport/"/>
    <property name="java.io.tmpdir" value="C:\Users\xiaohai\AppData\Local\Temp\"/>
    <property name="java.version" value="1.8.0_251"/>
    <property name="user.dir" value="D:\课程作业\毕业设计\招聘模块代码\portal-dev\portal\portal-recruit"/>
    <property name="os.arch" value="amd64"/>
    <property name="java.vm.specification.name" value="Java Virtual Machine Specification"/>
    <property name="java.awt.printerjob" value="sun.awt.windows.WPrinterJob"/>
    <property name="sun.os.patch.level" value=""/>
    <property name="java.library.path" value="D:\jdk1.8\jre\bin;C:\Windows\Sun\Java\bin;C:\Windows\system32;C:\Windows;D:\VMwareWorkStationPlayer\bin\;D:\Oracle\product\11.2.0\dbhome_1\bin;C:\Program Files (x86)\Common Files\Oracle\Java\javapath;C:\Windows\system32;C:\Windows;C:\Windows\System32\Wbem;C:\Windows\System32\WindowsPowerShell\v1.0\;C:\Windows\System32\OpenSSH\;D:\jdk1.8\bin;D:\apache-maven-3.5.2\bin;D:\git\Git\cmd;D:\node\;D:\mysql-5.6.23-winx64\bin;D:\Erlang\erl8.2\bin;D:\rabbitmq-server-3.6.6\rabbitmq_server-3.6.6\sbin;D:\rabbitmq-server-3.6.6\rabbitmq_server-3.6.6\ebin;C:\Program Files\Docker\Docker\resources\bin;C:\ProgramData\DockerDesktop\version-bin;C:\Program Files\MySQL\MySQL Shell 8.0\bin\;C:\Users\xiaohai\AppData\Local\Microsoft\WindowsApps;C:\Users\xiaohai\AppData\Roaming\npm;D:\VScode\Microsoft VS Code\bin;."/>
    <property name="java.vm.info" value="mixed mode"/>
    <property name="java.vendor" value="Oracle Corporation"/>
    <property name="java.vm.version" value="25.251-b08"/>
    <property name="java.ext.dirs" value="D:\jdk1.8\jre\lib\ext;C:\Windows\Sun\Java\lib\ext"/>
    <property name="sun.io.unicode.encoding" value="UnicodeLittle"/>
    <property name="java.class.version" value="52.0"/>
  </properties>
  <testcase name="uploadPic" classname="com.portal.TestDemo" time="0.845"/>
</testsuite>